<?xml version="1.0" encoding="UTF-8"?>
<!-- Generated by org.testng.reporters.JUnitReportReporter -->
<testsuite hostname="INBOOK_Y2_PLUS" failures="0" tests="4" name="com.janitri.tests.LoginTest" time="16.946" errors="0" timestamp="2025-08-01T17:38:41 IST" skipped="0">
  <testcase classname="com.janitri.tests.LoginTest" name="testPageElementsPresence" time="3.329"/>
  <testcase classname="com.janitri.tests.LoginTest" name="testPasswordMaskedButton" time="3.603"/>
  <testcase classname="com.janitri.tests.LoginTest" name="testLoginButtonEnabledByDefault" time="2.873"/>
  <testcase classname="com.janitri.tests.LoginTest" name="testInvalidLoginShowErrorMsg" time="7.141"/>
</testsuite> <!-- com.janitri.tests.LoginTest -->
